/home/mgc2443/information-theory-stopwords_share/code/cluster_scripts
slurmstepd: error: Job 670560 exceeded memory limit (14117670912 > 10737418240)
['tm-run_code.py', 'wos_topic_doc_delSci_withstop', '1000', 'RANDOM', 'hdp', '10', '../cluster_output/tm-run_20190620', '20']
0.0 0
0.0 1
0.0 2
0.0 3
0.0 4
0.0 5
0.0 6
0.0 7
0.0 8
0.0 9
0.1 0
0.1 1
0.1 2
0.1 3
0.1 4
0.1 5
0.1 6
0.1 7
0.1 8
0.1 9
0.2 0
0.2 1
0.2 2
0.2 3
0.2 4
0.2 5
0.2 6
0.2 7
0.2 8
0.2 9
0.30000000000000004 0
0.30000000000000004 1
0.30000000000000004 2
0.30000000000000004 3
0.30000000000000004 4
0.30000000000000004 5
0.30000000000000004 6
0.30000000000000004 7
0.30000000000000004 8
0.30000000000000004 9
0.4 0
0.4 1
0.4 2
0.4 3
0.4 4
0.4 5
0.4 6
0.4 7
0.4 8
0.4 9
0.5 0
0.5 1
0.5 2
0.5 3
0.5 4
0.5 5
0.5 6
0.5 7
0.5 8
0.5 9
0.6000000000000001 0
0.6000000000000001 1
0.6000000000000001 2
0.6000000000000001 3
0.6000000000000001 4
0.6000000000000001 5
0.6000000000000001 6
0.6000000000000001 7
0.6000000000000001 8
0.6000000000000001 9
0.7000000000000001 0
0.7000000000000001 1
0.7000000000000001 2
0.7000000000000001 3
0.7000000000000001 4
0.7000000000000001 5
0.7000000000000001 6
0.7000000000000001 7
0.7000000000000001 8
0.7000000000000001 9
0.8 0
0.8 1
0.8 2
0.8 3
0.8 4
0.8 5
0.8 6
0.8 7
0.8 8
0.8 9
0.9 0
0.9 1
0.9 2
0.9 3
0.9 4
0.9 5
0.9 6
0.9 7
0.9 8
0.9 9

real	319m25.383s
user	310m50.666s
sys	3m22.467s
